<?xml version="1.0" encoding="UTF-8"?>
<testng-results ignored="0" total="1" passed="1" failed="0" skipped="0">
  <reporter-output>
  </reporter-output>
  <suite started-at="2023-04-28T15:34:33 IST" name="Default suite" finished-at="2023-04-28T15:34:44 IST" duration-ms="10286">
    <groups>
    </groups>
    <test started-at="2023-04-28T15:34:33 IST" name="Default test" finished-at="2023-04-28T15:34:44 IST" duration-ms="10286">
      <class name="com.pomproject.MainClass">
        <test-method signature="Login()[pri:0, instance:com.pomproject.MainClass@581ac8a8]" started-at="2023-04-28T15:34:33 IST" name="Login" finished-at="2023-04-28T15:34:44 IST" duration-ms="10256" status="PASS">
          <reporter-output>
          </reporter-output>
        </test-method> <!-- Login -->
      </class> <!-- com.pomproject.MainClass -->
    </test> <!-- Default test -->
  </suite> <!-- Default suite -->
</testng-results>
